<?xml version="1.0" encoding="UTF-8"?>
<testsuite name="TestSuite" time="0.169" tests="33" errors="0" skipped="0" failures="9">
  <properties>
[...]
</properties>
  <testcase name="checkContentLenght" classname="com.employeeapi.testCases.TC001_Get_All_Employees" time="0.01"/>
  <testcase name="checkContentType" classname="com.employeeapi.testCases.TC001_Get_All_Employees" time="0.001"/>
  <testcase name="checkCookies" classname="com.employeeapi.testCases.TC001_Get_All_Employees" time="0.004"/>
  <testcase name="checkResponseTime" classname="com.employeeapi.testCases.TC001_Get_All_Employees" time="0.005"/>
  <testcase name="checkResposeBody" classname="com.employeeapi.testCases.TC001_Get_All_Employees" time="0.037"/>
  <testcase name="checkStatusCode" classname="com.employeeapi.testCases.TC001_Get_All_Employees" time="0.001"/>
  <testcase name="checkcontentEncoding" classname="com.employeeapi.testCases.TC001_Get_All_Employees" time="0.001"/>
  <testcase name="checkserverType" classname="com.employeeapi.testCases.TC001_Get_All_Employees" time="0.003"/>
  <testcase name="checkstatusLine" classname="com.employeeapi.testCases.TC001_Get_All_Employees" time="0.001"/>
  <testcase name="checkContentLenght" classname="com.employeeapi.testCases.TC002_Get_Single_Employee_Record" time="0.001"/>
  <testcase name="checkContentType" classname="com.employeeapi.testCases.TC002_Get_Single_Employee_Record" time="0"/>
  <testcase name="checkResponseTime" classname="com.employeeapi.testCases.TC002_Get_Single_Employee_Record" time="0"/>
  <testcase name="checkResposeBody" classname="com.employeeapi.testCases.TC002_Get_Single_Employee_Record" time="0.015">
    <failure message="expected [true] but found [false]" type="java.lang.AssertionError">java.lang.AssertionError: expected [true] but found [false]
	at org.testng.Assert.fail(Assert.java:96)
	at org.testng.Assert.failNotEquals(Assert.java:776)
	at org.testng.Assert.assertEqualsImpl(Assert.java:137)
	at org.testng.Assert.assertEquals(Assert.java:118)
	at org.testng.Assert.assertEquals(Assert.java:568)
	at org.testng.Assert.assertEquals(Assert.java:578)
	at com.employeeapi.testCases.TC002_Get_Single_Employee_Record.checkResposeBody(TC002_Get_Single_Employee_Record.java:49)
</failure>
  </testcase>
  <testcase name="checkStatusCode" classname="com.employeeapi.testCases.TC002_Get_Single_Employee_Record" time="0"/>
  <testcase name="checkserverType" classname="com.employeeapi.testCases.TC002_Get_Single_Employee_Record" time="0"/>
  <testcase name="checkstatusLine" classname="com.employeeapi.testCases.TC002_Get_Single_Employee_Record" time="0.013"/>
  <testcase name="checkContentType" classname="com.employeeapi.testCases.TC003_Post_Employee_Record" time="0"/>
  <testcase name="checkResposeBody" classname="com.employeeapi.testCases.TC003_Post_Employee_Record" time="0"/>
  <testcase name="checkStatusCode" classname="com.employeeapi.testCases.TC003_Post_Employee_Record" time="0"/>
  <testcase name="checkserverType" classname="com.employeeapi.testCases.TC003_Post_Employee_Record" time="0"/>
  <testcase name="checkstatusLine" classname="com.employeeapi.testCases.TC003_Post_Employee_Record" time="0"/>
  <testcase name="checkContentType" classname="com.employeeapi.testCases.TC004_Put_Employee_Record" time="0.051">
    <failure message="expected [text/html; charset=UTF-8] but found [application/json;charset=utf-8]" type="java.lang.AssertionError">java.lang.AssertionError: expected [text/html; charset=UTF-8] but found [application/json;charset=utf-8]
	at org.testng.Assert.fail(Assert.java:96)
	at org.testng.Assert.failNotEquals(Assert.java:776)
	at org.testng.Assert.assertEqualsImpl(Assert.java:137)
	at org.testng.Assert.assertEquals(Assert.java:118)
	at org.testng.Assert.assertEquals(Assert.java:453)
	at org.testng.Assert.assertEquals(Assert.java:463)
	at com.employeeapi.testCases.TC004_Put_Employee_Record.checkContentType(TC004_Put_Employee_Record.java:95)
</failure>
    <system-out><![CDATA[2020-04-02 16:11:37 INFO  EmployeesRestAPI:116 - *********  Finished TC003_Post_Employee_Record **********
2020-04-02 16:11:37 INFO  EmployeesRestAPI:42 - *********Started TC004_Put_Employee_Record **********
]]></system-out>
  </testcase>
  <testcase name="checkResposeBody" classname="com.employeeapi.testCases.TC004_Put_Employee_Record" time="0">
    <failure message="expected [true] but found [false]" type="java.lang.AssertionError">java.lang.AssertionError: expected [true] but found [false]
	at org.testng.Assert.fail(Assert.java:96)
	at org.testng.Assert.failNotEquals(Assert.java:776)
	at org.testng.Assert.assertEqualsImpl(Assert.java:137)
	at org.testng.Assert.assertEquals(Assert.java:118)
	at org.testng.Assert.assertEquals(Assert.java:568)
	at org.testng.Assert.assertEquals(Assert.java:578)
	at com.employeeapi.testCases.TC004_Put_Employee_Record.checkResposeBody(TC004_Put_Employee_Record.java:71)
</failure>
  </testcase>
  <testcase name="checkStatusCode" classname="com.employeeapi.testCases.TC004_Put_Employee_Record" time="0"/>
  <testcase name="checkcontentEncoding" classname="com.employeeapi.testCases.TC004_Put_Employee_Record" time="0.001">
    <failure message="expected [gzip] but found [null]" type="java.lang.AssertionError">java.lang.AssertionError: expected [gzip] but found [null]
	at org.testng.Assert.fail(Assert.java:96)
	at org.testng.Assert.failNotEquals(Assert.java:776)
	at org.testng.Assert.assertEqualsImpl(Assert.java:132)
	at org.testng.Assert.assertEquals(Assert.java:118)
	at org.testng.Assert.assertEquals(Assert.java:453)
	at org.testng.Assert.assertEquals(Assert.java:463)
	at com.employeeapi.testCases.TC004_Put_Employee_Record.checkcontentEncoding(TC004_Put_Employee_Record.java:109)
</failure>
  </testcase>
  <testcase name="checkserverType" classname="com.employeeapi.testCases.TC004_Put_Employee_Record" time="0">
    <failure message="expected [nginx/1.14.1] but found [nginx/1.16.0]" type="java.lang.AssertionError">java.lang.AssertionError: expected [nginx/1.14.1] but found [nginx/1.16.0]
	at org.testng.Assert.fail(Assert.java:96)
	at org.testng.Assert.failNotEquals(Assert.java:776)
	at org.testng.Assert.assertEqualsImpl(Assert.java:137)
	at org.testng.Assert.assertEquals(Assert.java:118)
	at org.testng.Assert.assertEquals(Assert.java:453)
	at org.testng.Assert.assertEquals(Assert.java:463)
	at com.employeeapi.testCases.TC004_Put_Employee_Record.checkserverType(TC004_Put_Employee_Record.java:102)
</failure>
  </testcase>
  <testcase name="checkstatusLine" classname="com.employeeapi.testCases.TC004_Put_Employee_Record" time="0"/>
  <testcase name="checkContentType" classname="com.employeeapi.testCases.TC005_Delete_Employee_Record" time="0.024">
    <failure message="expected [text/html; charset=UTF-8] but found [application/json;charset=utf-8]" type="java.lang.AssertionError">java.lang.AssertionError: expected [text/html; charset=UTF-8] but found [application/json;charset=utf-8]
	at org.testng.Assert.fail(Assert.java:96)
	at org.testng.Assert.failNotEquals(Assert.java:776)
	at org.testng.Assert.assertEqualsImpl(Assert.java:137)
	at org.testng.Assert.assertEquals(Assert.java:118)
	at org.testng.Assert.assertEquals(Assert.java:453)
	at org.testng.Assert.assertEquals(Assert.java:463)
	at com.employeeapi.testCases.TC005_Delete_Employee_Record.checkContentType(TC005_Delete_Employee_Record.java:82)
</failure>
    <system-out><![CDATA[2020-04-02 16:11:43 INFO  EmployeesRestAPI:116 - *********  Finished TC004_Put_Employee_Record **********
2020-04-02 16:11:43 INFO  EmployeesRestAPI:38 - *********Started TC005_Delete_Employee_Record **********
]]></system-out>
  </testcase>
  <testcase name="checkResposeBody" classname="com.employeeapi.testCases.TC005_Delete_Employee_Record" time="0.001">
    <failure message="expected [true] but found [false]" type="java.lang.AssertionError">java.lang.AssertionError: expected [true] but found [false]
	at org.testng.Assert.fail(Assert.java:96)
	at org.testng.Assert.failNotEquals(Assert.java:776)
	at org.testng.Assert.assertEqualsImpl(Assert.java:137)
	at org.testng.Assert.assertEquals(Assert.java:118)
	at org.testng.Assert.assertEquals(Assert.java:568)
	at org.testng.Assert.assertEquals(Assert.java:578)
	at com.employeeapi.testCases.TC005_Delete_Employee_Record.checkResposeBody(TC005_Delete_Employee_Record.java:59)
</failure>
  </testcase>
  <testcase name="checkStatusCode" classname="com.employeeapi.testCases.TC005_Delete_Employee_Record" time="0"/>
  <testcase name="checkcontentEncoding" classname="com.employeeapi.testCases.TC005_Delete_Employee_Record" time="0">
    <failure message="expected [gzip] but found [null]" type="java.lang.AssertionError">java.lang.AssertionError: expected [gzip] but found [null]
	at org.testng.Assert.fail(Assert.java:96)
	at org.testng.Assert.failNotEquals(Assert.java:776)
	at org.testng.Assert.assertEqualsImpl(Assert.java:132)
	at org.testng.Assert.assertEquals(Assert.java:118)
	at org.testng.Assert.assertEquals(Assert.java:453)
	at org.testng.Assert.assertEquals(Assert.java:463)
	at com.employeeapi.testCases.TC005_Delete_Employee_Record.checkcontentEncoding(TC005_Delete_Employee_Record.java:96)
</failure>
  </testcase>
  <testcase name="checkserverType" classname="com.employeeapi.testCases.TC005_Delete_Employee_Record" time="0">
    <failure message="expected [nginx/1.14.1] but found [nginx/1.16.0]" type="java.lang.AssertionError">java.lang.AssertionError: expected [nginx/1.14.1] but found [nginx/1.16.0]
	at org.testng.Assert.fail(Assert.java:96)
	at org.testng.Assert.failNotEquals(Assert.java:776)
	at org.testng.Assert.assertEqualsImpl(Assert.java:137)
	at org.testng.Assert.assertEquals(Assert.java:118)
	at org.testng.Assert.assertEquals(Assert.java:453)
	at org.testng.Assert.assertEquals(Assert.java:463)
	at com.employeeapi.testCases.TC005_Delete_Employee_Record.checkserverType(TC005_Delete_Employee_Record.java:89)
</failure>
  </testcase>
  <testcase name="checkstatusLine" classname="com.employeeapi.testCases.TC005_Delete_Employee_Record" time="0"/>
</testsuite>