<?xml version="1.0" encoding="UTF-8"?>
<!-- Generated by org.testng.reporters.JUnitXMLReporter -->
<testsuite hostname="WINCTRL-S7E21V6" ignored="0" name="Default test" tests="3" failures="0" timestamp="01 Apr 2020 11:36:13 GMT" time="6.185" errors="0">
  <testcase name="createUsersSuccessful" time="3.779" classname="com.employeeapi.testCases.TC002_POST_DataDriven"/>
  <testcase name="createUsersSuccessful" time="1.2" classname="com.employeeapi.testCases.TC002_POST_DataDriven"/>
  <testcase name="createUsersSuccessful" time="1.15" classname="com.employeeapi.testCases.TC002_POST_DataDriven"/>
</testsuite> <!-- Default test -->
